Build started 2016/7/5 21:40:23.
     1>Project "E:\Projects\glShader\07Chapter\shadow_mapping\shadow_mapping.vcxproj" on node 2 (Build target(s)).
     1>ClCompile:
         C:\Program Files (x86)\Microsoft Visual Studio 12.0\VC\bin\CL.exe /c /Zi /nologo /W3 /WX- /sdl /O2 /Oi /Oy- /GL /D _MBCS /Gm- /EHsc /MT /GS /Gy /fp:precise /Zc:wchar_t /Zc:forScope /Fo"Release\\" /Fd"Release\vc120.pdb" /Gd /TP /analyze- /errorReport:prompt ch04_shadowmap.cpp
         ch04_shadowmap.cpp
       Link:
         C:\Program Files (x86)\Microsoft Visual Studio 12.0\VC\bin\link.exe /ERRORREPORT:PROMPT /OUT:"E:\Projects\glShader\triangle\Release\shadow_mapping.exe" /NOLOGO kernel32.lib user32.lib gdi32.lib winspool.lib comdlg32.lib advapi32.lib shell32.lib ole32.lib oleaut32.lib uuid.lib odbc32.lib odbccp32.lib /MANIFEST /MANIFESTUAC:"level='asInvoker' uiAccess='false'" /manifest:embed /DEBUG /PDB:"E:\Projects\glShader\triangle\Release\shadow_mapping.pdb" /OPT:REF /OPT:ICF /LTCG /TLBID:1 /DYNAMICBASE /NXCOMPAT /IMPLIB:"E:\Projects\glShader\triangle\Release\shadow_mapping.lib" /MACHINE:X86 /SAFESEH Release\LoadShaders.obj
         Release\ch04_shadowmap.obj
         Release\vbm.obj
         Generating code
         Finished generating code
     1>glew_static_vs2010.lib(glew.obj) : warning LNK4099: PDB 'vc100.pdb' was not found with 'glew_static_vs2010.lib(glew.obj)' or at 'E:\Projects\glShader\triangle\Release\vc100.pdb'; linking object as if no debug info
     1>freeglut_static_vs2010.lib(freeglut_callbacks.obj) : warning LNK4099: PDB 'vc100.pdb' was not found with 'freeglut_static_vs2010.lib(freeglut_callbacks.obj)' or at 'E:\Projects\glShader\triangle\Release\vc100.pdb'; linking object as if no debug info
     1>freeglut_static_vs2010.lib(freeglut_cursor.obj) : warning LNK4099: PDB 'vc100.pdb' was not found with 'freeglut_static_vs2010.lib(freeglut_cursor.obj)' or at 'E:\Projects\glShader\triangle\Release\vc100.pdb'; linking object as if no debug info
     1>freeglut_static_vs2010.lib(freeglut_display.obj) : warning LNK4099: PDB 'vc100.pdb' was not found with 'freeglut_static_vs2010.lib(freeglut_display.obj)' or at 'E:\Projects\glShader\triangle\Release\vc100.pdb'; linking object as if no debug info
     1>freeglut_static_vs2010.lib(freeglut_font.obj) : warning LNK4099: PDB 'vc100.pdb' was not found with 'freeglut_static_vs2010.lib(freeglut_font.obj)' or at 'E:\Projects\glShader\triangle\Release\vc100.pdb'; linking object as if no debug info
     1>freeglut_static_vs2010.lib(freeglut_font_data.obj) : warning LNK4099: PDB 'vc100.pdb' was not found with 'freeglut_static_vs2010.lib(freeglut_font_data.obj)' or at 'E:\Projects\glShader\triangle\Release\vc100.pdb'; linking object as if no debug info
     1>freeglut_static_vs2010.lib(freeglut_init.obj) : warning LNK4099: PDB 'vc100.pdb' was not found with 'freeglut_static_vs2010.lib(freeglut_init.obj)' or at 'E:\Projects\glShader\triangle\Release\vc100.pdb'; linking object as if no debug info
     1>freeglut_static_vs2010.lib(freeglut_input_devices.obj) : warning LNK4099: PDB 'vc100.pdb' was not found with 'freeglut_static_vs2010.lib(freeglut_input_devices.obj)' or at 'E:\Projects\glShader\triangle\Release\vc100.pdb'; linking object as if no debug info
     1>freeglut_static_vs2010.lib(freeglut_joystick.obj) : warning LNK4099: PDB 'vc100.pdb' was not found with 'freeglut_static_vs2010.lib(freeglut_joystick.obj)' or at 'E:\Projects\glShader\triangle\Release\vc100.pdb'; linking object as if no debug info
     1>freeglut_static_vs2010.lib(freeglut_main.obj) : warning LNK4099: PDB 'vc100.pdb' was not found with 'freeglut_static_vs2010.lib(freeglut_main.obj)' or at 'E:\Projects\glShader\triangle\Release\vc100.pdb'; linking object as if no debug info
     1>freeglut_static_vs2010.lib(freeglut_menu.obj) : warning LNK4099: PDB 'vc100.pdb' was not found with 'freeglut_static_vs2010.lib(freeglut_menu.obj)' or at 'E:\Projects\glShader\triangle\Release\vc100.pdb'; linking object as if no debug info
     1>freeglut_static_vs2010.lib(freeglut_spaceball.obj) : warning LNK4099: PDB 'vc100.pdb' was not found with 'freeglut_static_vs2010.lib(freeglut_spaceball.obj)' or at 'E:\Projects\glShader\triangle\Release\vc100.pdb'; linking object as if no debug info
     1>freeglut_static_vs2010.lib(freeglut_state.obj) : warning LNK4099: PDB 'vc100.pdb' was not found with 'freeglut_static_vs2010.lib(freeglut_state.obj)' or at 'E:\Projects\glShader\triangle\Release\vc100.pdb'; linking object as if no debug info
     1>freeglut_static_vs2010.lib(freeglut_stroke_mono_roman.obj) : warning LNK4099: PDB 'vc100.pdb' was not found with 'freeglut_static_vs2010.lib(freeglut_stroke_mono_roman.obj)' or at 'E:\Projects\glShader\triangle\Release\vc100.pdb'; linking object as if no debug info
     1>freeglut_static_vs2010.lib(freeglut_stroke_roman.obj) : warning LNK4099: PDB 'vc100.pdb' was not found with 'freeglut_static_vs2010.lib(freeglut_stroke_roman.obj)' or at 'E:\Projects\glShader\triangle\Release\vc100.pdb'; linking object as if no debug info
     1>freeglut_static_vs2010.lib(freeglut_structure.obj) : warning LNK4099: PDB 'vc100.pdb' was not found with 'freeglut_static_vs2010.lib(freeglut_structure.obj)' or at 'E:\Projects\glShader\triangle\Release\vc100.pdb'; linking object as if no debug info
     1>freeglut_static_vs2010.lib(freeglut_window.obj) : warning LNK4099: PDB 'vc100.pdb' was not found with 'freeglut_static_vs2010.lib(freeglut_window.obj)' or at 'E:\Projects\glShader\triangle\Release\vc100.pdb'; linking object as if no debug info
         shadow_mapping.vcxproj -> E:\Projects\glShader\triangle\Release\shadow_mapping.exe
     1>Done Building Project "E:\Projects\glShader\07Chapter\shadow_mapping\shadow_mapping.vcxproj" (Build target(s)).

Build succeeded.

Time Elapsed 00:00:01.33
