生成启动时间为 2016/5/14 11:08:18。
     1>项目“D:\projects\glShader\03Chapter\instancing2\instancing2.vcxproj”在节点 2 上(Rebuild 个目标)。
     1>ClCompile:
         C:\Program Files (x86)\Microsoft Visual Studio 12.0\VC\bin\CL.exe /c /ZI /nologo /W3 /WX- /sdl /Od /Oy- /D _MBCS /Gm /EHsc /RTC1 /MT /GS /fp:precise /Zc:wchar_t /Zc:forScope /Fo"Debug\\" /Fd"Debug\vc120.pdb" /Gd /TP /analyze- /errorReport:prompt ch03_instancing2.cpp vbm.cpp
         vbm.cpp
         ch03_instancing2.cpp
         正在生成代码...
       Link:
         C:\Program Files (x86)\Microsoft Visual Studio 12.0\VC\bin\link.exe /ERRORREPORT:PROMPT /OUT:"D:\projects\glShader\triangle\Debug\instancing2.exe" /INCREMENTAL /NOLOGO kernel32.lib user32.lib gdi32.lib winspool.lib comdlg32.lib advapi32.lib shell32.lib ole32.lib oleaut32.lib uuid.lib odbc32.lib odbccp32.lib /MANIFEST /MANIFESTUAC:"level='asInvoker' uiAccess='false'" /manifest:embed /DEBUG /PDB:"D:\projects\glShader\triangle\Debug\instancing2.pdb" /TLBID:1 /DYNAMICBASE /NXCOMPAT /IMPLIB:"D:\projects\glShader\triangle\Debug\instancing2.lib" /MACHINE:X86 Debug\ch03_instancing2.obj
         Debug\vbm.obj
     1>glew_static_vs2010.lib(glew.obj) : warning LNK4099: 未找到 PDB“vc100.pdb”(使用“glew_static_vs2010.lib(glew.obj)”或在“D:\projects\glShader\triangle\Debug\vc100.pdb”中寻找)；正在链接对象，如同没有调试信息一样
     1>freeglut_static_vs2010.lib(freeglut_callbacks.obj) : warning LNK4099: 未找到 PDB“vc100.pdb”(使用“freeglut_static_vs2010.lib(freeglut_callbacks.obj)”或在“D:\projects\glShader\triangle\Debug\vc100.pdb”中寻找)；正在链接对象，如同没有调试信息一样
     1>freeglut_static_vs2010.lib(freeglut_cursor.obj) : warning LNK4099: 未找到 PDB“vc100.pdb”(使用“freeglut_static_vs2010.lib(freeglut_cursor.obj)”或在“D:\projects\glShader\triangle\Debug\vc100.pdb”中寻找)；正在链接对象，如同没有调试信息一样
     1>freeglut_static_vs2010.lib(freeglut_display.obj) : warning LNK4099: 未找到 PDB“vc100.pdb”(使用“freeglut_static_vs2010.lib(freeglut_display.obj)”或在“D:\projects\glShader\triangle\Debug\vc100.pdb”中寻找)；正在链接对象，如同没有调试信息一样
     1>freeglut_static_vs2010.lib(freeglut_font.obj) : warning LNK4099: 未找到 PDB“vc100.pdb”(使用“freeglut_static_vs2010.lib(freeglut_font.obj)”或在“D:\projects\glShader\triangle\Debug\vc100.pdb”中寻找)；正在链接对象，如同没有调试信息一样
     1>freeglut_static_vs2010.lib(freeglut_font_data.obj) : warning LNK4099: 未找到 PDB“vc100.pdb”(使用“freeglut_static_vs2010.lib(freeglut_font_data.obj)”或在“D:\projects\glShader\triangle\Debug\vc100.pdb”中寻找)；正在链接对象，如同没有调试信息一样
     1>freeglut_static_vs2010.lib(freeglut_init.obj) : warning LNK4099: 未找到 PDB“vc100.pdb”(使用“freeglut_static_vs2010.lib(freeglut_init.obj)”或在“D:\projects\glShader\triangle\Debug\vc100.pdb”中寻找)；正在链接对象，如同没有调试信息一样
     1>freeglut_static_vs2010.lib(freeglut_input_devices.obj) : warning LNK4099: 未找到 PDB“vc100.pdb”(使用“freeglut_static_vs2010.lib(freeglut_input_devices.obj)”或在“D:\projects\glShader\triangle\Debug\vc100.pdb”中寻找)；正在链接对象，如同没有调试信息一样
     1>freeglut_static_vs2010.lib(freeglut_joystick.obj) : warning LNK4099: 未找到 PDB“vc100.pdb”(使用“freeglut_static_vs2010.lib(freeglut_joystick.obj)”或在“D:\projects\glShader\triangle\Debug\vc100.pdb”中寻找)；正在链接对象，如同没有调试信息一样
     1>freeglut_static_vs2010.lib(freeglut_main.obj) : warning LNK4099: 未找到 PDB“vc100.pdb”(使用“freeglut_static_vs2010.lib(freeglut_main.obj)”或在“D:\projects\glShader\triangle\Debug\vc100.pdb”中寻找)；正在链接对象，如同没有调试信息一样
     1>freeglut_static_vs2010.lib(freeglut_menu.obj) : warning LNK4099: 未找到 PDB“vc100.pdb”(使用“freeglut_static_vs2010.lib(freeglut_menu.obj)”或在“D:\projects\glShader\triangle\Debug\vc100.pdb”中寻找)；正在链接对象，如同没有调试信息一样
     1>freeglut_static_vs2010.lib(freeglut_spaceball.obj) : warning LNK4099: 未找到 PDB“vc100.pdb”(使用“freeglut_static_vs2010.lib(freeglut_spaceball.obj)”或在“D:\projects\glShader\triangle\Debug\vc100.pdb”中寻找)；正在链接对象，如同没有调试信息一样
     1>freeglut_static_vs2010.lib(freeglut_state.obj) : warning LNK4099: 未找到 PDB“vc100.pdb”(使用“freeglut_static_vs2010.lib(freeglut_state.obj)”或在“D:\projects\glShader\triangle\Debug\vc100.pdb”中寻找)；正在链接对象，如同没有调试信息一样
     1>freeglut_static_vs2010.lib(freeglut_stroke_mono_roman.obj) : warning LNK4099: 未找到 PDB“vc100.pdb”(使用“freeglut_static_vs2010.lib(freeglut_stroke_mono_roman.obj)”或在“D:\projects\glShader\triangle\Debug\vc100.pdb”中寻找)；正在链接对象，如同没有调试信息一样
     1>freeglut_static_vs2010.lib(freeglut_stroke_roman.obj) : warning LNK4099: 未找到 PDB“vc100.pdb”(使用“freeglut_static_vs2010.lib(freeglut_stroke_roman.obj)”或在“D:\projects\glShader\triangle\Debug\vc100.pdb”中寻找)；正在链接对象，如同没有调试信息一样
     1>freeglut_static_vs2010.lib(freeglut_structure.obj) : warning LNK4099: 未找到 PDB“vc100.pdb”(使用“freeglut_static_vs2010.lib(freeglut_structure.obj)”或在“D:\projects\glShader\triangle\Debug\vc100.pdb”中寻找)；正在链接对象，如同没有调试信息一样
     1>freeglut_static_vs2010.lib(freeglut_window.obj) : warning LNK4099: 未找到 PDB“vc100.pdb”(使用“freeglut_static_vs2010.lib(freeglut_window.obj)”或在“D:\projects\glShader\triangle\Debug\vc100.pdb”中寻找)；正在链接对象，如同没有调试信息一样
         instancing2.vcxproj -> D:\projects\glShader\triangle\Debug\instancing2.exe
     1>已完成生成项目“D:\projects\glShader\03Chapter\instancing2\instancing2.vcxproj”(Rebuild 个目标)的操作。

生成成功。

已用时间 00:00:03.77
