e:\projects\glshader\06chapter\load_texture\debug\vc120.pdb
<h
e:\projects\glshader\06chapter\load_texture\debug\loadshaders.obj
e:\projects\glshader\06chapter\load_texture\debug\loadtexture.obj
e:\projects\glshader\06chapter\load_texture\debug\load_texture.obj
e:\projects\glshader\06chapter\load_texture\debug\vdds.obj
e:\projects\glshader\06chapter\load_texture\debug\vc120.idb
e:\projects\glshader\triangle\debug\load_texture.pdb
e:\projects\glshader\06chapter\load_texture\debug\load_texture.tlog\cl.command.1.tlog
e:\projects\glshader\06chapter\load_texture\debug\load_texture.tlog\cl.read.1.tlog
e:\projects\glshader\06chapter\load_texture\debug\load_texture.tlog\cl.write.1.tlog
e:\projects\glshader\06chapter\load_texture\debug\load_texture.tlog\link.65280.read.1.tlog
e:\projects\glshader\06chapter\load_texture\debug\load_texture.tlog\link.65280.write.1.tlog
e:\projects\glshader\06chapter\load_texture\debug\load_texture.tlog\link.68908.68932.read.1.tlog
e:\projects\glshader\06chapter\load_texture\debug\load_texture.tlog\link.68908.68932.write.1.tlog
e:\projects\glshader\06chapter\load_texture\debug\load_texture.tlog\link.68908.read.1.tlog
e:\projects\glshader\06chapter\load_texture\debug\load_texture.tlog\link.68908.write.1.tlog
e:\projects\glshader\06chapter\load_texture\debug\load_texture.tlog\link.command.1.tlog
e:\projects\glshader\06chapter\load_texture\debug\load_texture.tlog\link.read.1.tlog
e:\projects\glshader\06chapter\load_texture\debug\load_texture.tlog\link.write.1.tlog
